srun: Warning: can't honor --ntasks-per-node set to 4 which doesn't match the requested tasks 32 with the number of requested nodes 16. Ignoring --ntasks-per-node.
 5: Traceback (most recent call last):
 5:   File "/global/u2/j/jinimukh/CAGNET/examples/gcn_1d.py", line 20, in <module>
 5:     from cagnet.nn.conv import GCNConv
 5:   File "/global/homes/j/jinimukh/CAGNET/cagnet/nn/conv/__init__.py", line 1, in <module>
 5:     from .gcn_conv import GCNConv
 5:   File "/global/homes/j/jinimukh/CAGNET/cagnet/nn/conv/gcn_conv.py", line 118
 5:     """commenting out spmm call
 5:        ^
 5: SyntaxError: invalid syntax
 4: Traceback (most recent call last):
 4:   File "/global/u2/j/jinimukh/CAGNET/examples/gcn_1d.py", line 20, in <module>
 4:     from cagnet.nn.conv import GCNConv
 4:   File "/global/homes/j/jinimukh/CAGNET/cagnet/nn/conv/__init__.py", line 1, in <module>
 4:     from .gcn_conv import GCNConv
 4:   File "/global/homes/j/jinimukh/CAGNET/cagnet/nn/conv/gcn_conv.py", line 118
 4:     """commenting out spmm call
 4:        ^
 4: SyntaxError: invalid syntax
 7: Traceback (most recent call last):
 7:   File "/global/u2/j/jinimukh/CAGNET/examples/gcn_1d.py", line 20, in <module>
 7:     from cagnet.nn.conv import GCNConv
 7:   File "/global/homes/j/jinimukh/CAGNET/cagnet/nn/conv/__init__.py", line 1, in <module>
 7:     from .gcn_conv import GCNConv
 7:   File "/global/homes/j/jinimukh/CAGNET/cagnet/nn/conv/gcn_conv.py", line 118
 7:     """commenting out spmm call
 7:        ^
 7: SyntaxError: invalid syntax
 0: Traceback (most recent call last):
 0:   File "/global/u2/j/jinimukh/CAGNET/examples/gcn_1d.py", line 20, in <module>
 0:     from cagnet.nn.conv import GCNConv
 0:   File "/global/homes/j/jinimukh/CAGNET/cagnet/nn/conv/__init__.py", line 1, in <module>
 0:     from .gcn_conv import GCNConv
 0:   File "/global/homes/j/jinimukh/CAGNET/cagnet/nn/conv/gcn_conv.py", line 118
 0:     """commenting out spmm call
 0:        ^
 0: SyntaxError: invalid syntax
 6: Traceback (most recent call last):
 6:   File "/global/u2/j/jinimukh/CAGNET/examples/gcn_1d.py", line 20, in <module>
 6:     from cagnet.nn.conv import GCNConv
 6:   File "/global/homes/j/jinimukh/CAGNET/cagnet/nn/conv/__init__.py", line 1, in <module>
 6:     from .gcn_conv import GCNConv
 6:   File "/global/homes/j/jinimukh/CAGNET/cagnet/nn/conv/gcn_conv.py", line 118
 6:     """commenting out spmm call
 6:        ^
 6: SyntaxError: invalid syntax
 1: Traceback (most recent call last):
 1:   File "/global/u2/j/jinimukh/CAGNET/examples/gcn_1d.py", line 20, in <module>
 1:     from cagnet.nn.conv import GCNConv
 1:   File "/global/homes/j/jinimukh/CAGNET/cagnet/nn/conv/__init__.py", line 1, in <module>
 1:     from .gcn_conv import GCNConv
 1:   File "/global/homes/j/jinimukh/CAGNET/cagnet/nn/conv/gcn_conv.py", line 118
 1:     """commenting out spmm call
 1:        ^
 1: SyntaxError: invalid syntax
srun: error: nid003072: task 4: Exited with exit code 1
srun: launch/slurm: _step_signal: Terminating StepId=6053234.1
 0: slurmstepd: error: *** STEP 6053234.1 ON nid003068 CANCELLED AT 2023-03-14T06:43:36 ***
srun: error: nid003068: task 0: Terminated
srun: error: nid003073: task 6: Terminated
srun: error: nid003069: task 2: Terminated
srun: error: nid008489: task 31: Terminated
srun: error: nid008485: task 26: Terminated
srun: error: nid008473: task 14: Terminated
srun: error: nid004065: task 10: Terminated
srun: error: nid008477: task 18: Terminated
srun: error: nid008480: task 20: Terminated
srun: error: nid008476: task 16: Terminated
srun: error: nid008472: task 13: Terminated
srun: error: nid008488: task 28: Terminated
srun: error: nid008489: task 30: Terminated
srun: error: nid004064: task 9: Terminated
srun: error: nid008481: task 22: Terminated
srun: error: nid008472: task 12: Terminated
srun: error: nid008485: task 27: Terminated
srun: error: nid003072: task 5: Exited with exit code 1
srun: error: nid008473: task 15: Terminated
srun: error: nid008484: task 25: Terminated
srun: error: nid003073: task 7: Terminated
srun: error: nid003069: task 3: Terminated
srun: error: nid004065: task 11: Terminated
srun: error: nid008477: task 19: Terminated
srun: error: nid003068: task 1: Terminated
srun: error: nid008481: task 23: Terminated
srun: error: nid004064: task 8: Terminated
srun: error: nid008480: task 21: Terminated
srun: error: nid008484: task 24: Terminated
srun: error: nid008488: task 29: Terminated
srun: error: nid008476: task 17: Terminated
srun: Force Terminated StepId=6053234.1
