srun: Warning: can't honor --ntasks-per-node set to 4 which doesn't match the requested tasks 16 with the number of requested nodes 16. Ignoring --ntasks-per-node.
 2: Traceback (most recent call last):
 2:   File "/global/u2/j/jinimukh/CAGNET/examples/gcn_1d.py", line 20, in <module>
 2:     from cagnet.nn.conv import GCNConv
 2:   File "/global/homes/j/jinimukh/CAGNET/cagnet/nn/conv/__init__.py", line 1, in <module>
 2:     from .gcn_conv import GCNConv
 2:   File "/global/homes/j/jinimukh/CAGNET/cagnet/nn/conv/gcn_conv.py", line 118
 2:     """commenting out spmm call
 2:        ^
 2: SyntaxError: invalid syntax
 0: Traceback (most recent call last):
 0:   File "/global/u2/j/jinimukh/CAGNET/examples/gcn_1d.py", line 20, in <module>
 0:     from cagnet.nn.conv import GCNConv
 0:   File "/global/homes/j/jinimukh/CAGNET/cagnet/nn/conv/__init__.py", line 1, in <module>
 0:     from .gcn_conv import GCNConv
 0:   File "/global/homes/j/jinimukh/CAGNET/cagnet/nn/conv/gcn_conv.py", line 118
 0:     """commenting out spmm call
 0:        ^
 0: SyntaxError: invalid syntax
 1: Traceback (most recent call last):
 1:   File "/global/u2/j/jinimukh/CAGNET/examples/gcn_1d.py", line 20, in <module>
 1:     from cagnet.nn.conv import GCNConv
 1:   File "/global/homes/j/jinimukh/CAGNET/cagnet/nn/conv/__init__.py", line 1, in <module>
 1:     from .gcn_conv import GCNConv
 1:   File "/global/homes/j/jinimukh/CAGNET/cagnet/nn/conv/gcn_conv.py", line 118
 1:     """commenting out spmm call
 1:        ^
 1: SyntaxError: invalid syntax
 3: Traceback (most recent call last):
 3:   File "/global/u2/j/jinimukh/CAGNET/examples/gcn_1d.py", line 20, in <module>
 3:     from cagnet.nn.conv import GCNConv
 3:   File "/global/homes/j/jinimukh/CAGNET/cagnet/nn/conv/__init__.py", line 1, in <module>
 3:     from .gcn_conv import GCNConv
 3:   File "/global/homes/j/jinimukh/CAGNET/cagnet/nn/conv/gcn_conv.py", line 118
 3:     """commenting out spmm call
 3:        ^
 3: SyntaxError: invalid syntax
srun: error: nid003072: task 2: Exited with exit code 1
srun: launch/slurm: _step_signal: Terminating StepId=6053234.0
 0: slurmstepd: error: *** STEP 6053234.0 ON nid003068 CANCELLED AT 2023-03-14T06:43:32 ***
srun: error: nid008473: task 7: Terminated
srun: error: nid008484: task 12: Terminated
srun: error: nid004064: task 4: Terminated
srun: error: nid008480: task 10: Terminated
srun: error: nid008472: task 6: Terminated
srun: error: nid008488: task 14: Terminated
srun: error: nid008481: task 11: Terminated
srun: error: nid008489: task 15: Terminated
srun: error: nid004065: task 5: Terminated
srun: error: nid008477: task 9: Terminated
srun: error: nid008476: task 8: Terminated
srun: error: nid008485: task 13: Terminated
srun: error: nid003068: task 0: Exited with exit code 1
srun: error: nid003073: task 3: Exited with exit code 1
srun: error: nid003069: task 1: Exited with exit code 1
srun: Force Terminated StepId=6053234.0
